*new*	8520	"7410"	uijhjni	650101-1455111	1	1	sydlq.com	1	1	1991/01/01		[0:07:57]
*new*	oooyue1a	"133130"	1	650101-1455111	qq	qq		qq	qq	1975/09/08		[0:15:17]
*new*	32566	"000."	1	650101-1455111	2	1	sydlq.com	1	2	1989/12/26		[0:16:25]
*new*	sfl1990	"111111a"	111	650101-1455111	123	123		132	132	1990/10/01		[0:18:50]
*new*	qqnihao	"851120"	222	650101-1455111	12121	21212		12121212	12	1985/11/20		[0:27:24]
*new*	1023215	"1023"	1	650101-1455111	1	0		2	3	1989/1/1		[0:31:35]
*new*	tianwang	"851120"	222	650101-1455111	ni	ni		ni	ni	1985/11/20		[0:35:16]
*new*	4100	"4100"	4100	650101-1455111	1	2	sydlq.com	3	4	1993/03/27		[0:48:28]
*new*	3084508	"30845089"	0	650101-1455111	0	23	8	45	7	1997/12/12		[0:49:37]
*new*	7496133	"5447"	q	650101-1455111	q	q	sydlq.com	qq	qq	1987/8/8		[1:06:58]
*new*	a1025	"a6675521"	sd	650101-1455111	l;	l;		l;l;	sd	1985/12/05		[1:29:43]
*new*	ajie1	"ajie"	1	650101-1455111	1	2	sydlq.com	3	4	1989/01/01		[1:34:56]
*new*	40777	"4077"	1	650101-1455111	1	2	sydlq.com	3	4	1991/05/14		[2:22:24]
*new*	youning1	"youning"	asd	650101-1455111	1	1	sydlq.com	2	1	1990/01/01		[2:25:33]
*new*	05511	"123456"	w	650101-1455111	1	2		3	4	1990/01/01		[2:45:49]
*new*	102311	"1023"	1	650101-1455111	1	0		2	3	1989/1/1		[3:20:37]
*new*	123333	"123333"	0	650101-1455111	1	1	sydlq.com	1	1	1992/08/21		[3:44:50]
*new*	4761767	"198982"	2	650101-1455111	8	8		5	5	1989/8/8		[6:11:40]
*new*	0202	"8600"	0	650101-1455111	0	0		0	0	1975/08/21		[6:12:03]
*new*	a1990	"q1990"	q	650101-1455111	1	2	sydlq.com	3	4	1996/12/18		[6:30:54]
*new*	9988	"5650"	1	650101-1455111	1	2		3	4	1998/8/8		[8:17:55]
*new*	wdmz	"wdmz"	wdmz	650101-1455111	1	2	sydlq.com	3	4	1975/08/21		[8:29:52]
*new*	8899	"101025"	1	650101-1455111	11	12	15	13	14	1986/11/15		[20:13:19]
