*new*	88999	"101025"	1	650101-1455111	11	12	15	13	14	1986/11/15		[12:55:35]
*new*	123xq	"321349"	gg	650101-1455111	55	66		77	88	1987/01/12		[13:48:07]
*new*	4321447	"1230"	1	650101-1455111	1	2		3	4	1975/08/21		[23:32:41]
*new*	1023215	"1023"	1	650101-1455111	1	0		2	3	1989/1/1		[23:32:52]
*new*	x0518	"7486"	1	650101-1455111	1	2	sydlq.com	3	4	1986/08/21		[23:33:04]
*new*	qq3742095	"1222222222222222"	ำเปิ	650101-1455111	1	2		3	4	1999/08/21		[23:33:15]
*new*	wwwlwzll	"12569"	1	650101-1455111	12	13	sydlq.com	14	15	1989/8/8		[23:33:20]
*new*	4340819	"4320548"	456	650101-1455111	1	2	sydlq.com	3	4	1975/8/8		[23:33:20]
*new*	889988	"8861248"	dgdf	650101-1455111	sfd	sdf	sydlq.com	dsd	sd	1990/10/10		[23:33:28]
*new*	1211	"031001"	kjhkh	650101-1455111	1	2	sydlq.com	3	4	1986/10/11		[23:33:30]
*new*	987666	"200821"	1	650101-1455111	1	1	sydlq.com	2	2	1995/05/15		[23:33:36]
*new*	q3402640	"3402640"	qxl	650101-1455111	1	2		3	4	1988/10/03		[23:33:54]
*new*	18568	"667789"	wpp	650101-1455111	123	456		789	123	1990/08/18		[23:34:13]
*new*	2019	"20199"	1	650101-1455111	21	12		12	21	1991/10/12		[23:35:07]
*new*	a150	"84001531"	1	650101-1455111	1	2		3	4	1995/5/5		[23:35:25]
*new*	wuhuajian	"332350109"	1	650101-1455111	1	2		3	4	1987/05/24		[23:35:41]
*new*	6610237	"6610237"	1	650101-1455111	0	0		0	0	1989/08/26		[23:37:11]
*new*	chenji	"qw1230"	chen	650101-1455111	11	1	sydlq.com	1	11	1989/05/05		[23:37:16]
*new*	88999	"101025"	1	650101-1455111	11	12		13	14	1986/11/15		[23:38:53]
*new*	sq880824	"880824"	123	650101-1455111	1	2		3	4	1988/08/08		[23:42:08]
*new*	rmb1	"hw0000"	123	650101-1455111	1	2	sydlq.com	2	1	1988/04/02		[23:42:56]
*new*	11223	"yuhui123"	ำเปิ	650101-1455111	1	2		3	4	1999/08/21		[23:45:13]
*new*	long88	"a111111111111111"	li	650101-1455111	-	-		--	--	1989/07/29		[23:50:19]
*new*	qqnihao	"851120"	2522	650101-1455111	1212	12121		2121	21212	1985/11/20		[23:55:53]
