*new*	10232150	"1023"	1	650101-1455111	1	0	sydlq.com	2	3	1989/1/1		[1:36:43]
*new*	aaa1	"123123"	zs	650101-1455111	1	2	sydlq.com	3	4	1990/01/01		[3:14:00]
*new*	4088	"4077"	1	650101-1455111	1	2	sydlq.com	3	4	1991/05/14		[7:38:41]
*new*	w4390589	"4390589"	4	650101-1455111	1	1		2	2	1991/08/08		[7:58:14]
*new*	40777	"4390589"	11	650101-1455111	1	1		2	2	1991/08/08		[8:03:33]
*new*	weixiao	"weixiao"	weixiao	650101-1455111	q	a		w	s	1989/12/25		[8:12:09]
*new*	lijiayi	"wujie"	1	650101-1455111	8	7	4	6	54	1987/8/8		[8:30:38]
*new*	1111	"123654"	sasa	650101-1455111	1	11		111	1111	1911/01/01		[8:33:02]
*new*	a123301	"123301"	123	650101-1455111	1	2	sydlq.com	3	4	1988/8/8		[9:22:58]
*new*	wufei520	"520520"	1	650101-1455111	1	1		1	1	1990/12/15		[9:23:43]
*new*	6636177266	"66361772"	66361772	650101-1455111	1	2	sydlq.com	3	4	1975/08/21		[9:31:40]
*new*	88999	"101025"	1	650101-1455111	11	12		13	14	1986/11/15		[11:18:33]
*new*	123xq	"321349"	gg	650101-1455111	55	66		77	88	1987/01/12		[11:30:33]
*new*	6868775888	"84956261"	123456	650101-1455111	1	11		1111	11111	1981/02/17		[11:50:48]
*new*	wuhuajian	"332350109"	1	650101-1455111	1	2		3	4	1995/5/5		[14:38:44]
*new*	591507	"1023"	1	650101-1455111	1	0	sydlq.com	2	3	1989/1/1		[15:27:12]
*new*	88999	"101025"	1	650101-1455111	11	12	15	13	14	1986/11/15		[17:10:44]
*new*	591507	"1023"	1	650101-1455111	1	0		2	3	1989/1/1		[17:13:04]
*new*	kk188	"112233"	1	650101-1455111	1	2	sydlq.com	3	4	1988/06/21		[18:13:15]
*new*	6190	"z6190"	1	650101-1455111	1	2		3	4	1991/01/01		[18:34:27]
*new*	8989q	"8989"	8989	650101-1455111	1	2		2	1	1991/1/1		[19:37:01]
*new*	a120	"122122"	1	650101-1455111	03	0		023	h	1993/3/3		[20:10:48]
*new*	60293	"1111"	1111	650101-1455111	1	11		111	1111	1975/8/21		[20:26:13]
*new*	9522	"1987"	1	650101-1455111	11	1		1	1	1990/01/01		[20:32:57]
*new*	chenji	"123520"	1	650101-1455111	1	0		2	3	1989/1/1		[20:36:55]
*new*	zhaojun22	"aokuang"	111	650101-1455111	1	2	sydlq.com	3	4	1984/08/26		[22:16:14]
*new*	123456aa1	"139729"	fdf	650101-1455111	123	21		231	312	1999/9/9		[22:43:07]
*new*	xin1235	"1235"	asd	650101-1455111	1	2		2	1	1975/08/20		[22:59:01]
*new*	5506606	"q123456"	1	650101-1455111	1	2	sydlq.com	3	4	1999/8/7		[23:05:09]
*new*	a154	"154154"	154	650101-1455111	1	2	sydlq.com	3	0	1980/11/11		[23:06:07]
*new*	b154	"154154"	154	650101-1455111	1	2	sydlq.com	3	0	1980/11/11		[23:06:18]
*new*	xubing	"1200"	12	650101-1455111	10	11		12	13	1998/02/12		[23:16:54]
*new*	0405002	"100200"	0	650101-1455111	1231	123		123	123	1988/8/8		[23:18:13]
*new*	5354095	"aa5354095"	5354095	650101-1455111	53540955354095	535409553540		5354095	5354095	1975/08/21		[23:24:22]
*new*	heyuqiong	"520520"	1	650101-1455111	3	2		4	2	1975/08/22		[23:30:56]
*new*	8999	"89999"	9	650101-1455111	9	99		999	9999	1999/9/9		[23:30:57]
*new*	haowanpeng	"2154668"	111	650101-1455111	1	1		2	2	1999/11/11		[23:31:21]
*new*	bbbbbb	"000000"	fed	650101-1455111	000000	000000		111111	111111	1989/01/11		[23:47:16]
*new*	130523	"6969350"	1	650101-1455111	11	22	sydlq.com	33	44	1975/08/21		[23:47:31]
*new*	2020	"20201"	1	650101-1455111	2	3		4	5	1988/08/08		[23:49:11]
