*new*	8877	"101025"	1	650101-1455111	11	12	15	13	14	1986/11/15		[0:58:32]
*new*	8899	"101025"	1	650101-1455111	11	12		13	14	1986/11/11		[0:59:09]
*new*	4569471	"456947"	1	650101-1455111	1	1	sydlq.com	2	2	1990/01/01		[9:02:02]
*new*	xiaolei1	"xiaolei"	xiaolei	650101-1455111	1	2		3	4	1984/05/14		[9:02:13]
*new*	danji	"qweqwe"	yoyo	650101-1455111	1	1	sydlq.com	2	2	1999/05/05		[9:07:29]
*new*	8785415	"1230"	0	650101-1455111	0	0		1	1	1900/10/15		[9:23:52]
*new*	chengyang	"yanlei"	1	650101-1455111	1	2	sydlq.com	2	1	1987/11/11		[9:29:23]
*new*	8899	"101025"	1	650101-1455111	11	12	15	13	14	1986/11/15		[9:38:18]
*new*	li1230	"1230"	0	650101-1455111	0	0		1	1	1900/10/15		[9:38:38]
*new*	maomao200	"138927"	111	650101-1455111	2332	65	sydlq.com	65	6656	1985/02/02		[9:45:05]
*new*	xixi	"124356"	12	650101-1455111	12	12	sydlq.com	23	23	1987/12/12		[10:05:49]
*new*	1100	"2200"	111	650101-1455111	1	2		3	4	1999/9/9		[10:06:49]
*new*	sda1	"sda1111111111111"	123	650101-1455111	0	1	sydlq.com	1	0	1985/08/26		[10:13:45]
*new*	121314	"0000000000000000"	jkh	650101-1455111	1	2	sydlq.com	3	4	1986/10/11		[10:21:02]
*new*	weiqian1	"weiqian"	weiqian	650101-1455111	1	2	sydlq.com	3	4	1987/8/8		[10:22:45]
*new*	wwaww	"aa198637"	jhjk	650101-1455111	1	1	sydlq.com	11	11	1986/03/07		[10:28:43]
*new*	3750241y	"3750241"	3750241	650101-1455111	3750241	3750241	sydlq.com	3750241	3750241	1975/08/21		[10:31:20]
*new*	mao718	"718726"	1	650101-1455111	1	2	sydlq.com	3	4	1990/01/01		[12:10:36]
*new*	zyzy	"123321"	zyzy	650101-1455111	1	2	sydlq.com	3	4	1990/01/01		[12:10:46]
*new*	520520	"521521"	565	650101-1455111	01	02		03	04	1986/05/05		[12:12:40]
*new*	a136255	"a1362552"	¿Ó“„	650101-1455111	13232	4556		6666	5555	1993/11/11		[12:12:54]
*new*	a386	"a0123"	1	650101-1455111	1	2		3	4	1988/8/8		[12:13:00]
*new*	3750241s	"3750241"	3750241	650101-1455111	3750241	3750241	sydlq.com	3750241	3750241	1975/08/21		[12:13:38]
*new*	05511	"123456"	123	650101-1455111	1	2		3	4	1990/01/01		[12:17:02]
*new*	a632960600	"a123456"	aa	650101-1455111	1	2		3	4	1988/12/12		[12:18:54]
*new*	xx123	"123123"	xx	650101-1455111	1	1		2	2	1990/03/10		[12:19:45]
*new*	a123456	"123456"	1	650101-1455111	1	1		1	1	1987/1/1		[12:24:25]
*new*	jhgood	"a123"	jh	650101-1455111	1	2		3	4	1992/01/01		[12:29:30]
*new*	a11111	"1252065"	15122	650101-1455111	321	32121	sydlq.com	212	1121	1979/12/12		[12:33:10]
*new*	1122331	"112233"	22	650101-1455111	1	11		11	1	1991/1/1		[12:36:02]
*new*	123141	"123121"	1	650101-1455111	1	1		2	2	1999/01/01		[12:43:36]
*new*	1887910	"1315788"	1	650101-1455111	1	2	sydlq.com	3	4	1991/1/1		[12:47:59]
*new*	123456	"123456"	00000000	650101-1455111	123	456	sydlq.com	789	000	1987/10/10		[12:49:17]
*new*	q3233039	"11011011"	321	650101-1455111	3211	3212		3213	3214	1987/12/15		[13:01:31]
*new*	30459412	"801205"	111111	650101-1455111	123	456	sydlq.com	789	000	1987/10/10		[13:03:13]
*new*	1989917	"123456"	1989918	650101-1455111	1	2		3	4	1988/11/23		[13:07:21]
*new*	881115	"3355789"	1	650101-1455111	1	2	sydlq.com	3	4	1985/12/12		[13:08:01]
*new*	551023	"5514929"	1	650101-1455111	1	2	sydlq.com	3	4	1988/02/14		[13:13:05]
*new*	qwwww	"wwwwq"	www	650101-1455111	1	2		3	4	1978/8/8		[13:13:32]
*new*	5511023	"5514929"	1	650101-1455111	1	2		34	4	1988/02/14		[13:13:49]
*new*	8989q	"8989"	8989	650101-1455111	1	2		2	1	1991/1/1		[13:23:56]
*new*	1078	"6630559"	1	650101-1455111	1	1		2	2	1975/08/21		[13:25:44]
