*new*	523523	"520520"	8	650101-1455111	9	8		7	6	1986/12/08		[0:04:09]
*new*	1530	"1313"	1313	650101-1455111	1313	13		13	1313	1988/02/06		[0:08:51]
*new*	a4551928	"201314"	1	650101-1455111	1	1	sydlq.com	2	2	1999/9/9		[0:11:24]
*new*	515879518	"1222222222222222"	1	650101-1455111	1	1	sydlq.com	11	1	1992/09/09		[0:16:12]
*new*	xiao	"2337711"	1	650101-1455111	1	2		3	4	1986/5/2		[0:44:10]
*new*	3600	"36003600"	3600	650101-1455111	3600	3600	sydlq.com	36003600	36003600	1988/12/25		[1:16:49]
*new*	18568	"667789"	wpp	650101-1455111	123	456		789	123	1990/08/18		[1:17:44]
*new*	1234543	"1234544"	1	650101-1455111	1	11	sydlq.com	111	1111	1989/01/01		[1:17:46]
*new*	2425616	"6865689"	1	650101-1455111	1	2		3	4	1988/06/24		[1:31:42]
*new*	haisen1985	"haisen198"	haisen198	650101-1455111	haisen1981	haisen1982	sydlq.com	haisen1983	haisen1984	1985/01/01		[1:42:24]
*new*	58183181	"5818318158183181"	58183181	650101-1455111	1	1	sydlq.com	1	1	1987/08/28		[1:45:10]
*new*	qweqwe	"123123"	19	650101-1455111	1	2		3	4	1986/06/12		[2:16:57]
*new*	198810	"198811"	1	650101-1455111	7	8		9	0	1988/08/08		[2:28:24]
*new*	q3636	"q123"	q	650101-1455111	dr	fg		g	gs	1993/01/01		[2:32:48]
*new*	moke0	"zxc123"	1	650101-1455111	1	1		2	2	1992/5/21		[2:37:59]
*new*	3177721	"1111111111111111"	5	650101-1455111	5	5		5	5	1991/5/5		[2:49:06]
*new*	qaq123	"qaq12"	1	650101-1455111	2	3	sydlq.com	4	5	1990/01/01		[3:28:04]
*new*	longhun520	"252652125a"	gaohonglei	650101-1455111	gaohonglei	hongleigao	sydlq.com	123456789	987654321	1989/04/02		[3:28:39]
*new*	2505	"112233"	1	650101-1455111	1	2		3	4	1990/8/8		[6:39:16]
*new*	5125	"5124"	da	650101-1455111	9	8		7	6	1988/8/8		[6:42:01]
*new*	12301230	"76451023"	22	650101-1455111	2	2	sydlq.com	2	2	1988/10/22		[6:58:37]
*new*	7841129	"5533259"	555666	650101-1455111	5	6	sydlq.com	6	5	1987/09/29		[7:46:43]
*new*	4502	"4121"	5	650101-1455111	5	55		555	5555	1988/8/8		[8:30:40]
*new*	dalei004	"1100"	aa	650101-1455111	1	2		3	4	1985/05/02		[8:33:57]
*new*	qqq9	"123q"	123	650101-1455111	1	2		3	4	1999/9/9		[8:49:47]
*new*	zhangxiong	"zhangben"	’≈–€	650101-1455111	1	2	sydlq.com	3	4	1986/10/07		[8:51:13]
*new*	9200	"135636"	b	650101-1455111	1	1		2	2	1991/1/1		[9:02:54]
*new*	ycbbs2012	"001002"	564564	650101-1455111	5345	454		543564	354	1987/01/11		[9:04:42]
*new*	gai666777	"7992123"	00	650101-1455111	11	11		22	22	1990/03/29		[9:18:54]
*new*	wang232	"a111111"	qw	650101-1455111	1	2		3	4	1987/09/09		[9:21:05]
*new*	302734632	"19881123"	123	650101-1455111	1	2		3	4	1988/01/01		[9:28:52]
*new*	kiss0817	"321349"	gg	650101-1455111	55	66		77	88	1987/01/12		[9:36:20]
*new*	taozui	"100986263"	asd	650101-1455111	q	qq	sydlq.com	qqq	qqqq	1987/09/09		[9:36:39]
*new*	19881123	"123123"	123	650101-1455111	1	2		3	4	1988/01/01		[9:37:44]
*new*	919925023	"123456"	asd	650101-1455111	123456	123456789		123456789	123456	1999/08/08		[9:56:57]
*new*	aa11	"5664684"	566	650101-1455111	6546	4654		564564	65456464	1988/01/03		[9:57:54]
*new*	1989918	"ybbfnhc520"	1989918	650101-1455111	1	2		3	4	1988/11/23		[10:00:10]
*new*	sf3226842	"3226842"	1	650101-1455111	321	1523	sydlq.com	132	111	1981/01/01		[10:23:17]
