*new*	10040	"46170160"	111	650101-1455111	111	222	sydlq.com	333	444	1986/09/21		[0:01:19]
*new*	361752049	"9079512wq"	1111	650101-1455111	1	1		2	2	1989/12/12		[0:16:52]
*new*	a85208520	"a520520a"	65465465	650101-1455111	01	02	sydlq.com	03	04	1987/02/02		[0:24:43]
*new*	13596354a	"7758521"	asd	650101-1455111	1	2		3	4	1975/08/21		[0:26:28]
*new*	sun521	"a2061197"	孙	650101-1455111	123123	123123	sydlq.com	123456	123456	1988/08/23		[0:29:26]
*new*	85666	"85666"	111	650101-1455111	1	1		2	2	1989/12/12		[0:58:06]
*new*	32563	"32563."	1	650101-1455111	1	2		3	4	1987/7/7		[7:52:31]
*new*	shiwan	"shiwan1"	1	650101-1455111	1	1		1	1	1988/8/8		[8:11:01]
*new*	shashen	"6236838"	张大伟	650101-1455111	我家	大庆	sydlq.com	学校	商校	1983/11/28		[8:28:08]
*new*	12345	"12345"	11	650101-1455111	5	5	sydlq.com	5	5	1990/01/01		[8:33:21]
*new*	q4743000	"4743000"	123	650101-1455111	1	1		2	2	1993/05/07		[9:29:57]
*new*	123456	"1008"	1	650101-1455111	1	2		3	4	1988/08/08		[9:39:00]
*new*	10033	"1111"	1111	650101-1455111	1111	1111	sydlq.com	1111	1111	1987/06/01		[9:45:38]
*new*	3693693	"369369"	333	650101-1455111	1	2	sydlq.com	3	4	1981/01/01		[9:50:56]
*new*	lianghexu	"qqqkoqqq"	q	650101-1455111	1	2		3	4	1987/04/05		[9:51:49]
*new*	damei	"aini123"	111	650101-1455111	1	1	sydlq.com	2	2	1986/03/21		[10:23:25]
*new*	xiaonan	"123123"	1	650101-1455111	1	1	sydlq.com	1	1	1975/08/21		[10:23:51]
*new*	112089	"112098"	111	650101-1455111	111	111		222	222	1988/8/8		[10:29:24]
*new*	2870653255	"287065325"	11	650101-1455111	123123	321321		456456	654654	1989/08/08		[10:30:43]
*new*	123456789	"371997615"	1	650101-1455111	1	2	sydlq.com	3	4	1990/10/10		[10:32:26]
*new*	jsyin	"02121"	jsyin	650101-1455111	1	1	sydlq.com	1	1	1989/01/01		[10:39:47]
*new*	88588	"885889"	sa	650101-1455111	2	2		2	2	1988/02/01		[10:51:15]
*new*	qingyise	"524792460"	123	650101-1455111	123	123	sydlq.com	123	123	1988/08/08		[11:04:32]
*new*	4410018	"44100181"	1	650101-1455111	1	2		2	1	1975/08/21		[11:07:07]
*new*	02010	"A123456"	1	650101-1455111	8	9		7	6	1975/8/8		[11:15:11]
*new*	wangwei9	"5594"	1	650101-1455111	1	2	sydlq.com	3	4	1985/03/24		[11:21:38]
*new*	8526284	"85230"	11	650101-1455111	1	1		2	2	1992/02/21		[11:32:51]
*new*	33636	"3344654"	1	650101-1455111	4	44		444	4444	1975/8/8		[11:41:44]
*new*	5505	"6575"	1	650101-1455111	12	3		44	5	1991/08/10		[11:45:04]
*new*	ldt007	"ldt007."	ldt0077	650101-1455111	1	2		3	4	1985/02/02		[12:01:05]
*new*	44100181	"4410018"	4	650101-1455111	1	2		2	1	1975/08/21		[12:18:01]
*new*	5056665	"5077306"	1	650101-1455111	1	11	sydlq.com	111	1111	1980/05/12		[12:31:43]
*new*	37043261	"3704326"	3704326	650101-1455111	37043261	3704326	sydlq.com	3704326	3704326	1990/01/01		[12:47:33]
*new*	14522	"889225"	1	650101-1455111	1	2	5	3	4	1988/08/08		[12:51:23]
*new*	1560524	"123123"	11	650101-1455111	123	1231		1231	123	1999/05/28		[12:57:46]
*new*	31731	"132021"	1	650101-1455111	9	9	sydlq.com	999	999	1999/9/9		[13:05:57]
*new*	120110	"6747009"	6	650101-1455111	1	2		34	4	1987/08/12		[13:07:30]
*new*	s3052295	"3052295"	1	650101-1455111	12	12	1	13	13	1975/08/21		[13:10:14]
*new*	10000	"1111"	1111	650101-1455111	1111	1111	sydlq.com	1111	1111	1988/08/08		[13:18:24]
*new*	aa523	"131131"	1	650101-1455111	1	2		3	4	1975/08/21		[13:19:31]
*new*	10001	"1111"	1111	650101-1455111	1111	1111	sydlq.com	1111	1111	1988/08/08		[13:24:11]
*new*	sm5437	"1111111111111111"	1	650101-1455111	1	1	1	1	1	1988/05/17		[13:34:42]
*new*	luolei511	"19900511"	罗磊	650101-1455111	1	2		3	4	1990/05/1		[13:44:26]
*new*	0536	"4263018"	456	650101-1455111	12313	4654	12313	87997	4654	1990/01/01		[13:52:47]
*new*	2575233	"330573952"	2345	650101-1455111	1	2	sydlq.com	3	4	1992/05/21		[13:53:09]
*new*	2875233	"330573952"	12345	650101-1455111	1	2		3	4	1992/05/21		[13:54:13]
*new*	z5409	"5409282"	1	650101-1455111	1	1	sydlq.com	11	11	1987/01/20		[14:01:55]
*new*	zzz123	"123123"	fddsf	650101-1455111	sdf	fsdsfdfsd		fsdsdf	fsdfsdfsd	1987/10/12		[14:15:12]
*new*	xiaonan1	"123123"	1	650101-1455111	1	1	1	1	1	1975/08/21		[14:22:35]
*new*	13asdf	"123123"	1	650101-1455111	1	1	1	11	11	1986/01/01		[14:26:28]
*new*	52396577	"5239657"	123	650101-1455111	1231	123		123	1231	1987/09/09		[14:33:16]
*new*	110110	"112112"	1	650101-1455111	111	222		333	444	1992/01/02		[14:47:51]
*new*	wu..	"wuhaittao"	q	650101-1455111	q	q		qq	qq	1987/11/15		[14:52:31]
*new*	ljx1	"258258"	luojinxiang	650101-1455111	123456789	987654321		987654321	123456789	1979/01/01		[15:12:15]
*new*	sixin001	"110422"	1	650101-1455111	1	2	sydlq.com	3	4	1978/11/04		[16:08:35]
*new*	qq2582996	"13685479315"	李灿灿	650101-1455111	你好	你好	sydlq.com	好的	好的	1987/09/11		[16:09:34]
*new*	2233622	"20118885"	张龙	650101-1455111	1	2	sydlq.com	3	4	1982/09/19		[16:13:24]
*new*	7890536	"a7890536"	huangyuan	650101-1455111	5	5	sydlq.com	55	55	1986/11/15		[16:22:59]
*new*	xxdwm666	"xxdwm888"	王辉	650101-1455111	1	2		3	4	1992/08/04		[16:28:39]
*new*	476184569	"1000000000000000"	123121	650101-1455111	1	2	sydlq.com	3	4	1978/01/01		[17:05:15]
*new*	ab95029	"ab11102"	严	650101-1455111	0	7	sydlq.com	1	8	1990/01/01		[17:18:02]
*new*	6363384	"6363385"	123	650101-1455111	1	2	sydlq.com	3	4	1988/03/15		[17:26:33]
*new*	whx0601	"haohao00"	asd	650101-1455111	1	2		3	4	1988/06/01		[17:49:45]
*new*	liang22133	"870629"	123	650101-1455111	1321	555	12	45	12	1987/11/12		[18:06:01]
*new*	121718178	"121718177"	121718177	650101-1455111	121718178	121718177	sydlq.com	121718177	121718177	1999/09/09		[18:07:12]
*new*	656022	"656022hf"	1	650101-1455111	1	2	sydlq.com	3	4	1986/12/05		[18:21:05]
*new*	aaqq	"455131681"	1	650101-1455111	1	1	sydlq.com	2	2	1975/08/21		[18:22:05]
*new*	jiangwei	"19861225"	0	650101-1455111	0	0	sydlq.com	1	1	1986/12/25		[18:57:45]
*new*	cqming01	"123321"	123456	650101-1455111	123456	123456		123321	123321	1990/01/15		[19:01:05]
*new*	tianmin	"8679477"	7	650101-1455111	777	7	7	7	7	1986/9/9		[19:12:04]
*new*	zhujiao	"longlong"	long	650101-1455111	1	2		3	4	1984/05/20		[19:16:19]
*new*	htz2801	"860322"	houzaisen	650101-1455111	feng	song	sydlq.com	kun	sen	1985/01/22		[19:17:32]
*new*	xiaoyunn	"a2061197"	a	650101-1455111	1	1	sydlq.com	0	0	1988/8/8		[19:18:08]
*new*	xiaoyun	"a2061197"	a1	650101-1455111	1	1		74	4	1988/8/8		[19:18:55]
*new*	woda	"1111"	1	650101-1455111	1	2	sydlq.com	3	4	1984/8/8		[19:27:22]
*new*	a6554427	"6554427"	132	650101-1455111	1	2	sydlq.com	3	4	1992/10/07		[19:40:12]
*new*	q3296846	"123123"	123	650101-1455111	123	456	sydlq.com	789	0123	1990/7/7		[19:41:26]
*new*	as24336794	"2525"	a	650101-1455111	adfsdf	ws	wwesadff	qwq	q	1987/08/21		[19:42:10]
*new*	miss75620	"756201"	yumiao	650101-1455111	000	000	sydlq.com	000	000	1986/03/01		[19:57:08]
*new*	qwe214917	"214917"	1	650101-1455111	1	1		2	2	1989/12/12		[19:57:24]
*new*	8586536	"8586555"	888888	650101-1455111	11	22	sydlq.com	33	44	1988/8/8		[20:01:02]
