*new*	6221902	"6709155"	5	650101-1455111	9	8	sydlq.com	7	6	1990/01/01		[1:12:06]
*new*	chuan3	"zybhwq"	1	650101-1455111	1	2		3	4	1990/05/20		[5:28:27]
*new*	5533659	"5526293"	123	650101-1455111	1	2	sydlq.com	3	4	1988/05/30		[8:57:15]
*new*	147258	"asd111"	1	650101-1455111	12	1	1	13	1	1989/10/17		[19:18:53]
*new*	q123	"9630."	1	650101-1455111	1	2		3	4	1989/07/20		[19:39:05]
*new*	02010	"A123456"	1	650101-1455111	1	2		3	4	1975/8/8		[20:38:43]
*new*	3750241s	"3750241"	3750241	650101-1455111	3	3	sydlq.com	3	3	1975/08/21		[20:41:55]
*new*	8899	"101025"	1	650101-1455111	11	12	15	13	14	1986/11/15		[21:01:44]
*new*	3750241y	"3750241"	3750241	650101-1455111	3	3		3	3	1975/08/21		[21:02:01]
*new*	a136	"a136255"	¿Ó“„	650101-1455111	14	13		12	11	1992/11/11		[21:07:36]
*new*	3231163	"3245666"	123	650101-1455111	123	123	sydlq.com	321	321	1990/01/01		[21:10:09]
*new*	q123	"9630."	1	650101-1455111	1	2		3	4	1989/07/20		[21:11:59]
*new*	q7q7q7	"*-*-*-"	9879879879	650101-1455111	77	88		88	99	1988/08/08		[21:15:33]
*new*	a3231163	"3245666"	123	650101-1455111	123	123	sydlq.com	321	321	1990/01/01		[21:16:24]
*new*	chuan3	"zybhwq"	1	650101-1455111	1	2	sydlq.com	3	4	1990/05/20		[21:20:03]
*new*	z123	"zx123"	12345	650101-1455111	1	1		2	2	2002/2/2		[21:29:53]
*new*	6221902	"6709155"	5	650101-1455111	9	8	sydlq.com	7	6	1990/01/01		[21:33:00]
*new*	xin3045	"801205"	111111	650101-1455111	123	456	sydlq.com	789	000	1987/10/10		[21:51:35]
*new*	lizhong79	"887557889"	¿Ë÷Ÿ	650101-1455111	1	2		3	4	1988/07/05		[22:12:48]
*new*	3750241s	"3750241"	3750241	650101-1455111	3	3	sydlq.com	3	3	1975/08/21		[22:17:04]
*new*	1078	"6630559"	1	650101-1455111	1	1		2	2	1975/08/21		[22:17:49]
*new*	fan1	"1010"	1	650101-1455111	1	11		11	1	1989/06/21		[22:25:36]
*new*	a9910	"a1111"	asd	650101-1455111	1	2		3	4	1987/08/21		[22:37:37]
*new*	05511	"123456"	w	650101-1455111	1	2		3	4	1990/01/01		[22:38:31]
*new*	329024521	"8888888888888888"	1988/03/23	650101-1455111	888	888	sydlq.com	8888	888	1988/03/23		[22:40:07]
*new*	1573	"1234560."	1	650101-1455111	1	2	5	3	4	1987/07/28		[22:58:46]
*new*	8580	"8581"	6546	650101-1455111	465	4654	sydlq.com	5646	6546	1985/05/05		[23:19:53]
