*new*	asas121	"asasas"	1	650101-1455111	1	2		3	4	1975/08/21		[8:36:38]
*new*	asas141	"asasas"	1	650101-1455111	1	2		3	4	1975/08/21		[8:41:01]
*new*	wang	"1221"	1	650101-1455111	15	15	858	1828	2	1990/01/01		[8:47:04]
*new*	102030po	"6485130"	林伟	650101-1455111	撒网	是	314	sghu7i	145655	1996/10/22		[9:05:48]
*new*	s039	"123123"	1	650101-1455111	1	2		3	4	1978/01/21		[9:08:03]
*new*	2830795	"2830792"	1	650101-1455111	1	2		3	4	1991/04/16		[9:16:43]
*new*	dya20105	"13123456911"	1q美女吧	650101-1455111	19880808	美女吧		13123456789	C:\热血传奇\	1988/08/08		[9:32:54]
*new*	q123	"123123"	1	650101-1455111	8	8		88	88	1989/8/8		[10:01:17]
*new*	yuan123	"123123qq"	嘎嘎	650101-1455111	1	2	2123	3	4	1990/01/01		[10:04:43]
*new*	6515	"6599"	77	650101-1455111	1	2		3	4	1987/1/1		[10:10:00]
*new*	aa123	"0011011"	1	650101-1455111	1	1	819	2	2	1981/08/03		[10:14:31]
*new*	renyanlin0	"renyanlin"	safsafdsdf	650101-1455111	asdfasd	assadfasd		fasd	sdfsd	1988/09/09		[10:15:52]
*new*	aa123	"0011011"	1	650101-1455111	1	1	6246	2	2	1981/08/03		[10:30:29]
*new*	6599	"6515"	66	650101-1455111	1	3		31	1	1987/1/1		[10:30:43]
*new*	renyanlin0	"renyanlin"	fdsafsdaf	650101-1455111	asdfasd	asdfasdfsadf		dfsadf	asdf	1988/09/09		[10:30:56]
*new*	1221	"122100"	1	650101-1455111	151	51	418	5	18	1990/01/01		[10:31:05]
*new*	asas121	"asasas"	a	650101-1455111	a	a		aa	aa	1986/09/07		[10:31:14]
*new*	s039	"123123"	1	650101-1455111	1	2		3	4	1978/01/21		[10:31:22]
*new*	asas141	"asasas"	a	650101-1455111	a	a		aa	aa	1986/09/07		[10:31:27]
*new*	jlp72424	"6482412"	林伟	650101-1455111	我以5664	经理解决	5871	sghu7i24	13328613598	1896/10/22		[10:31:59]
*new*	46595091	"4659509"	4659509	650101-1455111	4659509	4659509	2316	46595091	4659509	1992/08/08		[10:34:45]
*new*	zhangyong	"71361652"	102546	650101-1455111	1	2	8227	3	5	1987/8/8		[10:36:46]
*new*	2233	"2223300"	222	650101-1455111	1	2	8731	3	4	2000/8/8		[10:39:19]
*new*	grc318	"owx647"	飞燕	650101-1455111	80000cq	喵喵喵喵喵喵	1426	f1999/8/8	fv	1999/8/8		[10:40:29]
*new*	q123	"123123"	1	650101-1455111	8	8		88	88	1989/8/8		[10:40:35]
*new*	yuan123	"123123qq"	嘎嘎	650101-1455111	1	2		3	4	1988/08/08		[10:41:58]
*new*	fofo909	"xixi998"	林伟	650101-1455111	我	是		sghu7i	不在	1896/10/22		[10:49:47]
*new*	31111111	"76562308"	104863	650101-1455111	1	2	1446	3	4	1987/8/8		[10:51:15]
*new*	88512hao	"27879353"	孟星魂	650101-1455111	猩猩最讨厌什么线	平行线没有香2	2811	怎样使麻雀安静下来	鸦雀无声	1990/10/09		[10:59:33]
*new*	bb123	"0011011"	1981/08/03	650101-1455111	1	1	5057	2	2	1891/08/03		[11:04:57]
*new*	u123	"2223300"	2	650101-1455111	1	2		3	4	1985/02/02		[11:06:31]
*new*	1990	"1991"	1	650101-1455111	1	1		11	11	1988/08/08		[11:25:52]
*new*	xxx1	"6516400"	1	650101-1455111	1	2	6058	3	4	1988/8/8		[11:38:14]
*new*	6623258	"6623"	33	650101-1455111	3	33		333	3333	1988/8/8		[11:54:35]
*new*	qwe123123	"123123"	123123	650101-1455111	1	2		3	4	1975/08/21		[12:01:51]
*new*	7860965	"78609651"	111	650101-1455111	2	3		4	5	1975/08/21		[12:05:53]
*new*	z444000	"444000"	654	650101-1455111	1	1	5972	4	4	1975/08/21		[12:19:54]
*new*	331423	"121212"	jkh	650101-1455111	lkjk	l;knj	6004	kl;n	ln	1988/8/8		[12:20:27]
*new*	diedie	"252649232"	1	650101-1455111	45	45		454	5454	1975/08/21		[12:21:03]
*new*	123q123	"1187547295"	108873	650101-1455111	1	2	4495	3	4	1987/8/8		[13:05:33]
*new*	hu2010	"123123"	1	650101-1455111	1	23	143	4	7	1990/01/01		[19:05:11]
*new*	a520520	"520520"	h	650101-1455111	h	hh	7102	hhh	hhh	1983/11/26		[19:29:32]
*new*	4975608	"4975602"	222	650101-1455111	2	2		1	1	1978/02/02		[23:45:17]
