[2024-10-27 01:50:40]     ---------------进入NT插件初始化---------------
[2024-10-27 01:50:41]     ---------------退出NT插件初始化---------------
[2024-10-27 01:50:41]     ---------------进入NT界面初始化---------------
[2024-10-27 01:50:41]     进入NT界面初始化1
[2024-10-27 01:50:42]     进入NT界面初始化2
[2024-10-27 01:50:42]     进入NT界面初始化3
[2024-10-27 01:50:42]     ---------------退出NT界面初始化---------------
[2024-10-27 03:16:47]     ---------------进入NT插件卸载---------------
[2024-10-27 03:16:47]     进入NT插件卸载 2
[2024-10-27 03:16:47]     进入NT插件卸载 3
[2024-10-27 03:16:47]     进入NT插件卸载 4
[2024-10-27 03:16:47]     进入NT插件卸载 5
[2024-10-27 03:16:47]     进入NT插件卸载 6
[2024-10-27 03:16:47]     ---------------退出NT插件卸载---------------
[2024-10-27 14:51:18]     ---------------进入NT插件初始化---------------
[2024-10-27 14:51:20]     ---------------退出NT插件初始化---------------
[2024-10-27 14:51:20]     ---------------进入NT界面初始化---------------
[2024-10-27 14:51:20]     进入NT界面初始化1
[2024-10-27 14:51:20]     进入NT界面初始化2
[2024-10-27 14:51:20]     进入NT界面初始化3
[2024-10-27 14:51:20]     ---------------退出NT界面初始化---------------
