[2024-11-02 01:46:11]     ---------------进入NT插件卸载---------------
[2024-11-02 01:46:11]     进入NT插件卸载 2
[2024-11-02 01:46:11]     进入NT插件卸载 3
[2024-11-02 01:46:11]     进入NT插件卸载 4
[2024-11-02 01:46:11]     进入NT插件卸载 5
[2024-11-02 01:46:11]     进入NT插件卸载 6
[2024-11-02 01:46:11]     ---------------退出NT插件卸载---------------
[2024-11-02 01:46:55]     ---------------进入NT插件初始化---------------
[2024-11-02 01:46:57]     ---------------退出NT插件初始化---------------
[2024-11-02 01:46:57]     ---------------进入NT界面初始化---------------
[2024-11-02 01:46:57]     进入NT界面初始化1
[2024-11-02 01:46:57]     进入NT界面初始化2
[2024-11-02 01:46:57]     进入NT界面初始化3
[2024-11-02 01:46:57]     ---------------退出NT界面初始化---------------
[2024-11-02 06:49:27]     ---------------进入NT插件卸载---------------
[2024-11-02 06:49:27]     进入NT插件卸载 2
[2024-11-02 06:49:27]     进入NT插件卸载 3
[2024-11-02 06:49:27]     进入NT插件卸载 4
[2024-11-02 06:49:27]     进入NT插件卸载 5
[2024-11-02 06:49:27]     进入NT插件卸载 6
[2024-11-02 06:49:27]     ---------------退出NT插件卸载---------------
[2024-11-02 06:49:46]     ---------------进入NT插件初始化---------------
[2024-11-02 06:49:47]     ---------------退出NT插件初始化---------------
[2024-11-02 06:49:47]     ---------------进入NT界面初始化---------------
[2024-11-02 06:49:47]     进入NT界面初始化1
[2024-11-02 06:49:47]     进入NT界面初始化2
[2024-11-02 06:49:47]     进入NT界面初始化3
[2024-11-02 06:49:47]     ---------------退出NT界面初始化---------------
[2024-11-02 07:53:56]     ---------------进入NT插件卸载---------------
[2024-11-02 07:53:56]     进入NT插件卸载 2
[2024-11-02 07:53:56]     进入NT插件卸载 3
[2024-11-02 07:53:56]     进入NT插件卸载 4
[2024-11-02 07:53:56]     进入NT插件卸载 5
[2024-11-02 07:53:56]     进入NT插件卸载 6
[2024-11-02 07:53:56]     ---------------退出NT插件卸载---------------
[2024-11-02 07:54:12]     ---------------进入NT插件初始化---------------
[2024-11-02 07:54:14]     ---------------退出NT插件初始化---------------
[2024-11-02 07:54:14]     ---------------进入NT界面初始化---------------
[2024-11-02 07:54:14]     进入NT界面初始化1
[2024-11-02 07:54:14]     进入NT界面初始化2
[2024-11-02 07:54:14]     进入NT界面初始化3
[2024-11-02 07:54:14]     ---------------退出NT界面初始化---------------
[2024-11-02 07:54:26]     ---------------进入NT插件卸载---------------
[2024-11-02 07:54:26]     进入NT插件卸载 2
[2024-11-02 07:54:26]     进入NT插件卸载 3
[2024-11-02 07:54:26]     进入NT插件卸载 4
[2024-11-02 07:54:27]     进入NT插件卸载 5
[2024-11-02 07:54:27]     进入NT插件卸载 6
[2024-11-02 07:54:27]     ---------------退出NT插件卸载---------------
[2024-11-02 07:54:42]     ---------------进入NT插件初始化---------------
[2024-11-02 07:54:44]     ---------------退出NT插件初始化---------------
[2024-11-02 07:54:44]     ---------------进入NT界面初始化---------------
[2024-11-02 07:54:44]     进入NT界面初始化1
[2024-11-02 07:54:44]     进入NT界面初始化2
[2024-11-02 07:54:44]     进入NT界面初始化3
[2024-11-02 07:54:44]     ---------------退出NT界面初始化---------------
[2024-11-02 20:12:59]     ---------------进入NT插件卸载---------------
[2024-11-02 20:12:59]     进入NT插件卸载 2
[2024-11-02 20:12:59]     进入NT插件卸载 3
[2024-11-02 20:12:59]     进入NT插件卸载 4
[2024-11-02 20:12:59]     进入NT插件卸载 5
[2024-11-02 20:12:59]     进入NT插件卸载 6
[2024-11-02 20:12:59]     ---------------退出NT插件卸载---------------
