[2024-10-28 00:39:26]     ---------------进入NT插件卸载---------------
[2024-10-28 00:39:26]     进入NT插件卸载 2
[2024-10-28 00:39:26]     进入NT插件卸载 3
[2024-10-28 00:39:26]     进入NT插件卸载 4
[2024-10-28 00:39:27]     进入NT插件卸载 5
[2024-10-28 00:39:27]     进入NT插件卸载 6
[2024-10-28 00:39:27]     ---------------退出NT插件卸载---------------
[2024-10-28 00:39:50]     ---------------进入NT插件初始化---------------
[2024-10-28 00:39:52]     ---------------退出NT插件初始化---------------
[2024-10-28 00:39:52]     ---------------进入NT界面初始化---------------
[2024-10-28 00:39:52]     进入NT界面初始化1
[2024-10-28 00:39:52]     进入NT界面初始化2
[2024-10-28 00:39:52]     进入NT界面初始化3
[2024-10-28 00:39:52]     ---------------退出NT界面初始化---------------
[2024-10-28 00:44:12]     ---------------进入NT插件卸载---------------
[2024-10-28 00:44:12]     进入NT插件卸载 2
[2024-10-28 00:44:12]     进入NT插件卸载 3
[2024-10-28 00:44:12]     进入NT插件卸载 4
[2024-10-28 00:44:12]     进入NT插件卸载 5
[2024-10-28 00:44:12]     进入NT插件卸载 6
[2024-10-28 00:44:12]     ---------------退出NT插件卸载---------------
[2024-10-28 00:44:29]     ---------------进入NT插件初始化---------------
[2024-10-28 00:44:31]     ---------------退出NT插件初始化---------------
[2024-10-28 00:44:31]     ---------------进入NT界面初始化---------------
[2024-10-28 00:44:31]     进入NT界面初始化1
[2024-10-28 00:44:31]     进入NT界面初始化2
[2024-10-28 00:44:31]     进入NT界面初始化3
[2024-10-28 00:44:31]     ---------------退出NT界面初始化---------------
[2024-10-28 00:46:03]     ---------------进入NT插件卸载---------------
[2024-10-28 00:46:03]     进入NT插件卸载 2
[2024-10-28 00:46:03]     进入NT插件卸载 3
[2024-10-28 00:46:03]     进入NT插件卸载 4
[2024-10-28 00:46:04]     进入NT插件卸载 5
[2024-10-28 00:46:04]     进入NT插件卸载 6
[2024-10-28 00:46:04]     ---------------退出NT插件卸载---------------
[2024-10-28 00:46:19]     ---------------进入NT插件初始化---------------
[2024-10-28 00:46:21]     ---------------退出NT插件初始化---------------
[2024-10-28 00:46:21]     ---------------进入NT界面初始化---------------
[2024-10-28 00:46:21]     进入NT界面初始化1
[2024-10-28 00:46:21]     进入NT界面初始化2
[2024-10-28 00:46:21]     进入NT界面初始化3
[2024-10-28 00:46:21]     ---------------退出NT界面初始化---------------
[2024-10-28 01:01:23]     ---------------进入NT插件卸载---------------
[2024-10-28 01:01:23]     进入NT插件卸载 2
[2024-10-28 01:01:23]     进入NT插件卸载 3
[2024-10-28 01:01:23]     进入NT插件卸载 4
[2024-10-28 01:01:24]     进入NT插件卸载 5
[2024-10-28 01:01:24]     进入NT插件卸载 6
[2024-10-28 01:01:24]     ---------------退出NT插件卸载---------------
[2024-10-28 01:01:43]     ---------------进入NT插件初始化---------------
[2024-10-28 01:01:44]     ---------------退出NT插件初始化---------------
[2024-10-28 01:01:44]     ---------------进入NT界面初始化---------------
[2024-10-28 01:01:44]     进入NT界面初始化1
[2024-10-28 01:01:44]     进入NT界面初始化2
[2024-10-28 01:01:44]     进入NT界面初始化3
[2024-10-28 01:01:44]     ---------------退出NT界面初始化---------------
[2024-10-28 01:16:58]     ---------------进入NT插件卸载---------------
[2024-10-28 01:16:58]     进入NT插件卸载 2
[2024-10-28 01:16:58]     进入NT插件卸载 3
[2024-10-28 01:16:58]     进入NT插件卸载 4
[2024-10-28 01:16:58]     进入NT插件卸载 5
[2024-10-28 01:16:58]     进入NT插件卸载 6
[2024-10-28 01:16:58]     ---------------退出NT插件卸载---------------
[2024-10-28 01:17:14]     ---------------进入NT插件初始化---------------
[2024-10-28 01:17:16]     ---------------退出NT插件初始化---------------
[2024-10-28 01:17:16]     ---------------进入NT界面初始化---------------
[2024-10-28 01:17:16]     进入NT界面初始化1
[2024-10-28 01:17:16]     进入NT界面初始化2
[2024-10-28 01:17:16]     进入NT界面初始化3
[2024-10-28 01:17:16]     ---------------退出NT界面初始化---------------
[2024-10-28 03:36:14]     ---------------进入NT插件卸载---------------
[2024-10-28 03:36:14]     进入NT插件卸载 2
[2024-10-28 03:36:14]     进入NT插件卸载 3
[2024-10-28 03:36:14]     进入NT插件卸载 4
[2024-10-28 03:36:14]     进入NT插件卸载 5
[2024-10-28 03:36:14]     进入NT插件卸载 6
[2024-10-28 03:36:14]     ---------------退出NT插件卸载---------------
[2024-10-28 03:38:07]     ---------------进入NT插件初始化---------------
[2024-10-28 03:38:08]     ---------------退出NT插件初始化---------------
[2024-10-28 03:38:08]     ---------------进入NT界面初始化---------------
[2024-10-28 03:38:08]     进入NT界面初始化1
[2024-10-28 03:38:08]     进入NT界面初始化2
[2024-10-28 03:38:08]     进入NT界面初始化3
[2024-10-28 03:38:08]     ---------------退出NT界面初始化---------------
