[2024-10-31 00:07:38]     ---------------进入NT插件卸载---------------
[2024-10-31 00:07:38]     进入NT插件卸载 2
[2024-10-31 00:07:38]     进入NT插件卸载 3
[2024-10-31 00:07:38]     进入NT插件卸载 4
[2024-10-31 00:07:38]     进入NT插件卸载 5
[2024-10-31 00:07:38]     进入NT插件卸载 6
[2024-10-31 00:07:38]     ---------------退出NT插件卸载---------------
[2024-10-31 00:07:59]     ---------------进入NT插件初始化---------------
[2024-10-31 00:08:01]     ---------------退出NT插件初始化---------------
[2024-10-31 00:08:01]     ---------------进入NT界面初始化---------------
[2024-10-31 00:08:01]     进入NT界面初始化1
[2024-10-31 00:08:01]     进入NT界面初始化2
[2024-10-31 00:08:01]     进入NT界面初始化3
[2024-10-31 00:08:01]     ---------------退出NT界面初始化---------------
[2024-10-31 00:11:53]     ---------------进入NT插件卸载---------------
[2024-10-31 00:11:53]     进入NT插件卸载 2
[2024-10-31 00:11:53]     进入NT插件卸载 3
[2024-10-31 00:11:53]     进入NT插件卸载 4
[2024-10-31 00:11:53]     进入NT插件卸载 5
[2024-10-31 00:11:53]     进入NT插件卸载 6
[2024-10-31 00:11:53]     ---------------退出NT插件卸载---------------
[2024-10-31 00:12:16]     ---------------进入NT插件初始化---------------
[2024-10-31 00:12:18]     ---------------退出NT插件初始化---------------
[2024-10-31 00:12:18]     ---------------进入NT界面初始化---------------
[2024-10-31 00:12:18]     进入NT界面初始化1
[2024-10-31 00:12:18]     进入NT界面初始化2
[2024-10-31 00:12:18]     进入NT界面初始化3
[2024-10-31 00:12:18]     ---------------退出NT界面初始化---------------
[2024-10-31 00:21:49]     ---------------进入NT插件卸载---------------
[2024-10-31 00:21:49]     进入NT插件卸载 2
[2024-10-31 00:21:49]     进入NT插件卸载 3
[2024-10-31 00:21:49]     进入NT插件卸载 4
[2024-10-31 00:21:49]     进入NT插件卸载 5
[2024-10-31 00:21:49]     进入NT插件卸载 6
[2024-10-31 00:21:49]     ---------------退出NT插件卸载---------------
[2024-10-31 00:23:04]     ---------------进入NT插件初始化---------------
[2024-10-31 00:23:05]     ---------------退出NT插件初始化---------------
[2024-10-31 00:23:05]     ---------------进入NT界面初始化---------------
[2024-10-31 00:23:05]     进入NT界面初始化1
[2024-10-31 00:23:05]     进入NT界面初始化2
[2024-10-31 00:23:05]     进入NT界面初始化3
[2024-10-31 00:23:05]     ---------------退出NT界面初始化---------------
[2024-10-31 03:18:37]     ---------------进入NT插件卸载---------------
[2024-10-31 03:18:37]     进入NT插件卸载 2
[2024-10-31 03:18:37]     进入NT插件卸载 3
[2024-10-31 03:18:37]     进入NT插件卸载 4
[2024-10-31 03:18:37]     进入NT插件卸载 5
[2024-10-31 03:18:37]     进入NT插件卸载 6
[2024-10-31 03:18:37]     ---------------退出NT插件卸载---------------
[2024-10-31 03:19:13]     ---------------进入NT插件初始化---------------
[2024-10-31 03:19:15]     ---------------退出NT插件初始化---------------
[2024-10-31 03:19:15]     ---------------进入NT界面初始化---------------
[2024-10-31 03:19:15]     进入NT界面初始化1
[2024-10-31 03:19:15]     进入NT界面初始化2
[2024-10-31 03:19:15]     进入NT界面初始化3
[2024-10-31 03:19:15]     ---------------退出NT界面初始化---------------
[2024-10-31 03:31:45]     ---------------进入NT插件卸载---------------
[2024-10-31 03:31:45]     进入NT插件卸载 2
[2024-10-31 03:31:45]     进入NT插件卸载 3
[2024-10-31 03:31:45]     进入NT插件卸载 4
[2024-10-31 03:31:45]     进入NT插件卸载 5
[2024-10-31 03:31:45]     进入NT插件卸载 6
[2024-10-31 03:31:45]     ---------------退出NT插件卸载---------------
[2024-10-31 03:32:36]     ---------------进入NT插件初始化---------------
[2024-10-31 03:32:38]     ---------------退出NT插件初始化---------------
[2024-10-31 03:32:38]     ---------------进入NT界面初始化---------------
[2024-10-31 03:32:38]     进入NT界面初始化1
[2024-10-31 03:32:38]     进入NT界面初始化2
[2024-10-31 03:32:38]     进入NT界面初始化3
[2024-10-31 03:32:38]     ---------------退出NT界面初始化---------------
[2024-10-31 18:55:26]     ---------------进入NT插件卸载---------------
[2024-10-31 18:55:26]     进入NT插件卸载 2
[2024-10-31 18:55:26]     进入NT插件卸载 3
[2024-10-31 18:55:26]     进入NT插件卸载 4
[2024-10-31 18:55:26]     进入NT插件卸载 5
[2024-10-31 18:55:26]     进入NT插件卸载 6
[2024-10-31 18:55:26]     ---------------退出NT插件卸载---------------
[2024-10-31 18:55:49]     ---------------进入NT插件初始化---------------
[2024-10-31 18:55:51]     ---------------退出NT插件初始化---------------
[2024-10-31 18:55:51]     ---------------进入NT界面初始化---------------
[2024-10-31 18:55:51]     进入NT界面初始化1
[2024-10-31 18:55:51]     进入NT界面初始化2
[2024-10-31 18:55:51]     进入NT界面初始化3
[2024-10-31 18:55:51]     ---------------退出NT界面初始化---------------
