[2024-10-29 00:17:42]     ---------------进入NT插件卸载---------------
[2024-10-29 00:17:42]     进入NT插件卸载 2
[2024-10-29 00:17:42]     进入NT插件卸载 3
[2024-10-29 00:17:42]     进入NT插件卸载 4
[2024-10-29 00:17:42]     进入NT插件卸载 5
[2024-10-29 00:17:42]     进入NT插件卸载 6
[2024-10-29 00:17:42]     ---------------退出NT插件卸载---------------
[2024-10-29 00:17:57]     ---------------进入NT插件初始化---------------
[2024-10-29 00:17:59]     ---------------退出NT插件初始化---------------
[2024-10-29 00:17:59]     ---------------进入NT界面初始化---------------
[2024-10-29 00:17:59]     进入NT界面初始化1
[2024-10-29 00:17:59]     进入NT界面初始化2
[2024-10-29 00:17:59]     进入NT界面初始化3
[2024-10-29 00:17:59]     ---------------退出NT界面初始化---------------
[2024-10-29 03:05:36]     ---------------进入NT插件卸载---------------
[2024-10-29 03:05:36]     进入NT插件卸载 2
[2024-10-29 03:05:36]     进入NT插件卸载 3
[2024-10-29 03:05:36]     进入NT插件卸载 4
[2024-10-29 03:05:36]     进入NT插件卸载 5
[2024-10-29 03:05:36]     进入NT插件卸载 6
[2024-10-29 03:05:36]     ---------------退出NT插件卸载---------------
[2024-10-29 03:18:04]     ---------------进入NT插件初始化---------------
[2024-10-29 03:18:06]     ---------------退出NT插件初始化---------------
[2024-10-29 03:18:06]     ---------------进入NT界面初始化---------------
[2024-10-29 03:18:06]     进入NT界面初始化1
[2024-10-29 03:18:06]     进入NT界面初始化2
[2024-10-29 03:18:06]     进入NT界面初始化3
[2024-10-29 03:18:06]     ---------------退出NT界面初始化---------------
[2024-10-29 03:21:10]     ---------------进入NT插件卸载---------------
[2024-10-29 03:21:10]     进入NT插件卸载 2
[2024-10-29 03:21:10]     进入NT插件卸载 3
[2024-10-29 03:21:10]     进入NT插件卸载 4
[2024-10-29 03:21:11]     进入NT插件卸载 5
[2024-10-29 03:21:11]     进入NT插件卸载 6
[2024-10-29 03:21:11]     ---------------退出NT插件卸载---------------
[2024-10-29 03:21:46]     ---------------进入NT插件初始化---------------
[2024-10-29 03:21:48]     ---------------退出NT插件初始化---------------
[2024-10-29 03:21:48]     ---------------进入NT界面初始化---------------
[2024-10-29 03:21:48]     进入NT界面初始化1
[2024-10-29 03:21:48]     进入NT界面初始化2
[2024-10-29 03:21:48]     进入NT界面初始化3
[2024-10-29 03:21:48]     ---------------退出NT界面初始化---------------
[2024-10-29 08:19:05]     ---------------进入NT插件卸载---------------
[2024-10-29 08:19:05]     进入NT插件卸载 2
[2024-10-29 08:19:05]     进入NT插件卸载 3
[2024-10-29 08:19:05]     进入NT插件卸载 4
[2024-10-29 08:19:05]     进入NT插件卸载 5
[2024-10-29 08:19:05]     进入NT插件卸载 6
[2024-10-29 08:19:05]     ---------------退出NT插件卸载---------------
[2024-10-29 08:20:05]     ---------------进入NT插件初始化---------------
[2024-10-29 08:20:07]     ---------------退出NT插件初始化---------------
[2024-10-29 08:20:07]     ---------------进入NT界面初始化---------------
[2024-10-29 08:20:07]     进入NT界面初始化1
[2024-10-29 08:20:07]     进入NT界面初始化2
[2024-10-29 08:20:07]     进入NT界面初始化3
[2024-10-29 08:20:07]     ---------------退出NT界面初始化---------------
[2024-10-29 10:31:29]     ---------------进入NT插件卸载---------------
[2024-10-29 10:31:29]     进入NT插件卸载 2
[2024-10-29 10:31:29]     进入NT插件卸载 3
[2024-10-29 10:31:29]     进入NT插件卸载 4
[2024-10-29 10:31:29]     进入NT插件卸载 5
[2024-10-29 10:31:29]     进入NT插件卸载 6
[2024-10-29 10:31:29]     ---------------退出NT插件卸载---------------
[2024-10-29 10:31:45]     ---------------进入NT插件初始化---------------
[2024-10-29 10:31:47]     ---------------退出NT插件初始化---------------
[2024-10-29 10:31:47]     ---------------进入NT界面初始化---------------
[2024-10-29 10:31:47]     进入NT界面初始化1
[2024-10-29 10:31:47]     进入NT界面初始化2
[2024-10-29 10:31:47]     进入NT界面初始化3
[2024-10-29 10:31:47]     ---------------退出NT界面初始化---------------
[2024-10-29 17:01:16]     ---------------进入NT插件卸载---------------
[2024-10-29 17:01:16]     进入NT插件卸载 2
[2024-10-29 17:01:16]     进入NT插件卸载 3
[2024-10-29 17:01:16]     进入NT插件卸载 4
[2024-10-29 17:01:17]     进入NT插件卸载 5
[2024-10-29 17:01:17]     进入NT插件卸载 6
[2024-10-29 17:01:17]     ---------------退出NT插件卸载---------------
[2024-10-29 17:02:32]     ---------------进入NT插件初始化---------------
[2024-10-29 17:02:33]     ---------------退出NT插件初始化---------------
[2024-10-29 17:02:33]     ---------------进入NT界面初始化---------------
[2024-10-29 17:02:33]     进入NT界面初始化1
[2024-10-29 17:02:33]     进入NT界面初始化2
[2024-10-29 17:02:33]     进入NT界面初始化3
[2024-10-29 17:02:33]     ---------------退出NT界面初始化---------------
[2024-10-29 17:28:58]     ---------------进入NT插件卸载---------------
[2024-10-29 17:28:58]     进入NT插件卸载 2
[2024-10-29 17:28:58]     进入NT插件卸载 3
[2024-10-29 17:28:58]     进入NT插件卸载 4
[2024-10-29 17:28:58]     进入NT插件卸载 5
[2024-10-29 17:28:58]     进入NT插件卸载 6
[2024-10-29 17:28:58]     ---------------退出NT插件卸载---------------
[2024-10-29 17:29:14]     ---------------进入NT插件初始化---------------
[2024-10-29 17:29:15]     ---------------退出NT插件初始化---------------
[2024-10-29 17:29:15]     ---------------进入NT界面初始化---------------
[2024-10-29 17:29:15]     进入NT界面初始化1
[2024-10-29 17:29:15]     进入NT界面初始化2
[2024-10-29 17:29:15]     进入NT界面初始化3
[2024-10-29 17:29:15]     ---------------退出NT界面初始化---------------
