[2024-10-30 21:40:55]     ---------------进入NT插件卸载---------------
[2024-10-30 21:40:55]     进入NT插件卸载 2
[2024-10-30 21:40:55]     进入NT插件卸载 3
[2024-10-30 21:40:55]     进入NT插件卸载 4
[2024-10-30 21:40:55]     进入NT插件卸载 5
[2024-10-30 21:40:55]     进入NT插件卸载 6
[2024-10-30 21:40:55]     ---------------退出NT插件卸载---------------
[2024-10-30 21:41:12]     ---------------进入NT插件初始化---------------
[2024-10-30 21:41:13]     ---------------退出NT插件初始化---------------
[2024-10-30 21:41:13]     ---------------进入NT界面初始化---------------
[2024-10-30 21:41:13]     进入NT界面初始化1
[2024-10-30 21:41:13]     进入NT界面初始化2
[2024-10-30 21:41:13]     进入NT界面初始化3
[2024-10-30 21:41:13]     ---------------退出NT界面初始化---------------
[2024-10-30 21:42:36]     ---------------进入NT插件卸载---------------
[2024-10-30 21:42:36]     进入NT插件卸载 2
[2024-10-30 21:42:36]     进入NT插件卸载 3
[2024-10-30 21:42:36]     进入NT插件卸载 4
[2024-10-30 21:42:36]     进入NT插件卸载 5
[2024-10-30 21:42:36]     进入NT插件卸载 6
[2024-10-30 21:42:36]     ---------------退出NT插件卸载---------------
[2024-10-30 21:42:56]     ---------------进入NT插件初始化---------------
[2024-10-30 21:42:58]     ---------------退出NT插件初始化---------------
[2024-10-30 21:42:58]     ---------------进入NT界面初始化---------------
[2024-10-30 21:42:58]     进入NT界面初始化1
[2024-10-30 21:42:58]     进入NT界面初始化2
[2024-10-30 21:42:58]     进入NT界面初始化3
[2024-10-30 21:42:58]     ---------------退出NT界面初始化---------------
