[2024-11-03 04:45:42]     ---------------进入NT插件初始化---------------
[2024-11-03 04:45:43]     ---------------退出NT插件初始化---------------
[2024-11-03 04:45:43]     ---------------进入NT界面初始化---------------
[2024-11-03 04:45:43]     进入NT界面初始化1
[2024-11-03 04:45:43]     进入NT界面初始化2
[2024-11-03 04:45:43]     进入NT界面初始化3
[2024-11-03 04:45:43]     ---------------退出NT界面初始化---------------
[2024-11-03 17:54:58]     ---------------进入NT插件卸载---------------
[2024-11-03 17:54:58]     进入NT插件卸载 2
[2024-11-03 17:54:58]     进入NT插件卸载 3
[2024-11-03 17:54:58]     进入NT插件卸载 4
[2024-11-03 17:54:58]     进入NT插件卸载 5
[2024-11-03 17:54:58]     进入NT插件卸载 6
[2024-11-03 17:54:58]     ---------------退出NT插件卸载---------------
[2024-11-03 17:56:13]     ---------------进入NT插件初始化---------------
[2024-11-03 17:56:14]     ---------------退出NT插件初始化---------------
[2024-11-03 17:56:14]     ---------------进入NT界面初始化---------------
[2024-11-03 17:56:14]     进入NT界面初始化1
[2024-11-03 17:56:14]     进入NT界面初始化2
[2024-11-03 17:56:14]     进入NT界面初始化3
[2024-11-03 17:56:14]     ---------------退出NT界面初始化---------------
[2024-11-03 20:11:56]     ---------------进入NT插件卸载---------------
[2024-11-03 20:11:56]     进入NT插件卸载 2
[2024-11-03 20:11:56]     进入NT插件卸载 3
[2024-11-03 20:11:56]     进入NT插件卸载 4
[2024-11-03 20:11:56]     进入NT插件卸载 5
[2024-11-03 20:11:56]     进入NT插件卸载 6
[2024-11-03 20:11:56]     ---------------退出NT插件卸载---------------
[2024-11-03 20:13:23]     ---------------进入NT插件初始化---------------
[2024-11-03 20:13:24]     ---------------退出NT插件初始化---------------
[2024-11-03 20:13:24]     ---------------进入NT界面初始化---------------
[2024-11-03 20:13:24]     进入NT界面初始化1
[2024-11-03 20:13:24]     进入NT界面初始化2
[2024-11-03 20:13:24]     进入NT界面初始化3
[2024-11-03 20:13:24]     ---------------退出NT界面初始化---------------
[2024-11-03 22:12:52]     ---------------进入NT插件卸载---------------
[2024-11-03 22:12:52]     进入NT插件卸载 2
[2024-11-03 22:12:52]     进入NT插件卸载 3
[2024-11-03 22:12:52]     进入NT插件卸载 4
[2024-11-03 22:12:53]     进入NT插件卸载 5
[2024-11-03 22:12:53]     进入NT插件卸载 6
[2024-11-03 22:12:53]     ---------------退出NT插件卸载---------------
[2024-11-03 22:13:11]     ---------------进入NT插件初始化---------------
[2024-11-03 22:13:13]     ---------------退出NT插件初始化---------------
[2024-11-03 22:13:13]     ---------------进入NT界面初始化---------------
[2024-11-03 22:13:13]     进入NT界面初始化1
[2024-11-03 22:13:13]     进入NT界面初始化2
[2024-11-03 22:13:13]     进入NT界面初始化3
[2024-11-03 22:13:13]     ---------------退出NT界面初始化---------------
