*new*	wq0524	"123123"	dasd	650101-1455111	1	1	@qq.com	2	2	1990/08/21		[23:09:24]
*new*	625426	"3453661"	lilei	650101-1455111	1	2	@qq.com	3	4	1986/02/05		[23:09:33]
*new*	6650	"123."	1262	650101-1455111	1	1	sydlq.com	11	11	1988/1/1		[23:09:44]
*new*	ws123	"a123456"	ws	650101-1455111	1	2	@qq.com	3	4	1990/01/01		[23:09:50]
*new*	z777444	"7774440"	444	650101-1455111	96	96	1	33	33	1992/11/13		[23:09:59]
*new*	yufeihu	"0000001"	yufeihu	650101-1455111	1	2	@qq.com	3	4	1980/06/19		[23:10:03]
*new*	asd33asd	"asd11asd"	1	650101-1455111	1	2	@qq.com	3	4	1990/01/01		[23:10:19]
*new*	dabao000	"59131311"	1	650101-1455111	q1	q2		q3	q4	1975/08/21		[23:10:29]
*new*	dabao	"1004"	fengbao	650101-1455111	1	2		3	4	1985/08/20		[23:10:39]
*new*	0631	"123."	1	650101-1455111	4	4	sydlq.com	5	5	1987/03/07		[23:10:58]
*new*	shaoshuiw	"112112wu"	Œ‚…‹ÀÆ	650101-1455111	1	2		3	4	1993/7/28		[23:17:20]
*new*	a320101222	"000000."	320101222	650101-1455111	320101222	320101222		32010122	320101222	1986/03/16		[23:19:12]
*new*	3686335	"25402523"	qq	650101-1455111	1	2		3	4	1977/08/08		[23:21:49]
*new*	qaz16147	"147258"	qqq	650101-1455111	1	2		3	4	1985/12/31		[23:27:00]
*new*	lele5031	"2121182"	liujunjie	650101-1455111	11111111111111111111	222222222222	sydlq.com	33333333333333333333	444444444444	1984/03/08		[23:28:09]
*new*	2121848	"2121847"	0	650101-1455111	1	2	sydlq.com	3	4	1990/01/01		[23:28:32]
*new*	mm1988	"000000q"	asdf	650101-1455111	1	2		3	4	1988/03/03		[23:30:27]
*new*	wangju	"00000a"	1111	650101-1455111	1	2	sydlq.com	4	5	1975/7/7		[23:30:59]
*new*	wwww1	"112233"	1	650101-1455111	1	1		2	2	1978/08/21		[23:32:29]
*new*	mazhenxi12	"398645788"	1	650101-1455111	1	1	sydlq.com	1	1	1999/9/9		[23:37:43]
*new*	3873917	"1314521"	1	650101-1455111	1	2		3	4	1975/08/21		[23:39:32]
*new*	1989622	"19896222"	1989622	650101-1455111	1	2	sydlq.com	3	4	1989/06/22		[23:40:56]
*new*	19861126	"159753"	1	650101-1455111	1	2		3	4	1986/11/26		[23:43:11]
*new*	87871462	"878714"	11	650101-1455111	1	1	@qq.com	2	2	1990/08/21		[23:44:25]
*new*	5190000	"5190111"	sdgrwd	650101-1455111	q1	2		3	4	1975/08/21		[23:53:03]
*new*	3704326	"3704326"	3704326	650101-1455111	37043260	3704326	@qq.com	3704326	3704326	1990/01/01		[23:55:17]
